[  0%] Built target geometry_msgs_generate_messages_nodejs
[  0%] Built target geographic_msgs_generate_messages_eus
[  0%] Built target geometry_msgs_generate_messages_cpp
[  0%] Built target geographic_msgs_generate_messages_cpp
[  0%] Built target geographic_msgs_generate_messages_nodejs
[  0%] Built target std_msgs_generate_messages_cpp
[  0%] Built target std_msgs_generate_messages_py
[  0%] Built target std_msgs_generate_messages_nodejs
[  0%] Built target geographic_msgs_generate_messages_py
[  0%] Built target std_msgs_generate_messages_lisp
[  0%] Built target geographic_msgs_generate_messages_lisp
[  0%] Built target std_msgs_generate_messages_eus
[  0%] Built target geometry_msgs_generate_messages_lisp
[  0%] Built target geometry_msgs_generate_messages_py
[  0%] Built target geometry_msgs_generate_messages_eus
[  3%] Built target test_ros_robot_localization_listener_publisher
[  6%] Built target filter_utilities
[  9%] Built target ros_filter_utilities
[  9%] Built target _robot_localization_generate_messages_check_deps_SetDatum
[  9%] Built target _robot_localization_generate_messages_check_deps_GetState
[  9%] Built target _robot_localization_generate_messages_check_deps_ToggleFilterProcessing
[  9%] Built target _robot_localization_generate_messages_check_deps_SetUTMZone
[  9%] Built target _robot_localization_generate_messages_check_deps_SetPose
[  9%] Built target _robot_localization_generate_messages_check_deps_ToLL
[  9%] Built target _robot_localization_generate_messages_check_deps_FromLL
[ 19%] Built target robot_localization_generate_messages_cpp
[ 30%] Built target robot_localization_generate_messages_py
[ 48%] Built target robot_localization_generate_messages_nodejs
[ 50%] Built target robot_localization_generate_messages_lisp
[ 61%] Built target robot_localization_generate_messages_eus
[ 61%] Built target robot_localization_gencpp
[ 61%] Built target robot_localization_generate_messages
[ 62%] Built target filter_base
[ 64%] Built target navsat_transform
[ 66%] Built target ekf
[ 69%] Built target ukf
[ 75%] Built target navsat_transform_nodelet
[ 75%] Built target navsat_transform_node
[ 79%] Built target robot_localization_estimator
[ 80%] Built target ros_filter
[ 87%] Built target ros_robot_localization_listener
[ 87%] Built target ekf_localization_nodelet
[ 90%] Built target ekf_localization_node
[ 93%] Built target ukf_localization_nodelet
[ 96%] Built target ukf_localization_node
[100%] Built target robot_localization_listener_node
