[  0%] Built target geographic_msgs_generate_messages_cpp
[  0%] Built target std_msgs_generate_messages_cpp
[  0%] Built target geographic_msgs_generate_messages_nodejs
[  0%] Built target geometry_msgs_generate_messages_py
[  0%] Built target std_msgs_generate_messages_lisp
[  0%] Built target geographic_msgs_generate_messages_lisp
[  0%] Built target geometry_msgs_generate_messages_lisp
[  0%] Built target geometry_msgs_generate_messages_cpp
[  0%] Built target geometry_msgs_generate_messages_nodejs
[  0%] Built target std_msgs_generate_messages_py
[  0%] Built target std_msgs_generate_messages_eus
[  0%] Built target std_msgs_generate_messages_nodejs
[  0%] Built target geometry_msgs_generate_messages_eus
[  0%] Built target geographic_msgs_generate_messages_py
[  0%] Built target geographic_msgs_generate_messages_eus
[  3%] Built target test_ros_robot_localization_listener_publisher
[  6%] Built target ros_filter_utilities
[  9%] Built target filter_utilities
[  9%] Built target _robot_localization_generate_messages_check_deps_FromLL
[  9%] Built target _robot_localization_generate_messages_check_deps_ToLL
[  9%] Built target _robot_localization_generate_messages_check_deps_SetPose
[  9%] Built target _robot_localization_generate_messages_check_deps_SetDatum
[  9%] Built target _robot_localization_generate_messages_check_deps_GetState
[  9%] Built target _robot_localization_generate_messages_check_deps_ToggleFilterProcessing
[  9%] Built target _robot_localization_generate_messages_check_deps_SetUTMZone
[ 30%] Built target robot_localization_generate_messages_nodejs
[ 30%] Built target robot_localization_generate_messages_eus
[ 41%] Built target robot_localization_generate_messages_py
[ 61%] Built target robot_localization_generate_messages_lisp
[ 61%] Built target robot_localization_generate_messages_cpp
[ 61%] Built target robot_localization_gencpp
[ 61%] Built target robot_localization_generate_messages
[ 64%] Built target navsat_transform
[ 64%] Built target filter_base
[ 72%] Built target ukf
[ 74%] Built target navsat_transform_nodelet
[ 75%] Built target navsat_transform_node
[ 75%] Built target ekf
[ 79%] Built target robot_localization_estimator
[ 80%] Built target ros_filter
[ 83%] Built target ros_robot_localization_listener
[ 91%] Built target ekf_localization_nodelet
[ 93%] Built target ukf_localization_node
[ 93%] Built target ekf_localization_node
[ 96%] Built target ukf_localization_nodelet
[100%] Built target robot_localization_listener_node
