Symlinking /home/moos-dawg/moos-dawg-2024/catkin_ws/devel/lib/libekf_localization_nodelet.so
Symlinking /home/moos-dawg/moos-dawg-2024/catkin_ws/devel/lib/libekf.so
Symlinking /home/moos-dawg/moos-dawg-2024/catkin_ws/devel/lib/libukf.so
Symlinking /home/moos-dawg/moos-dawg-2024/catkin_ws/devel/lib/libnavsat_transform.so
Symlinking /home/moos-dawg/moos-dawg-2024/catkin_ws/devel/lib/libros_filter_utilities.so
Symlinking /home/moos-dawg/moos-dawg-2024/catkin_ws/devel/lib/libnavsat_transform_nodelet.so
Symlinking /home/moos-dawg/moos-dawg-2024/catkin_ws/devel/lib/librobot_localization_estimator.so
Symlinking /home/moos-dawg/moos-dawg-2024/catkin_ws/devel/lib/libros_filter.so
Symlinking /home/moos-dawg/moos-dawg-2024/catkin_ws/devel/lib/libfilter_utilities.so
Symlinking /home/moos-dawg/moos-dawg-2024/catkin_ws/devel/lib/libukf_localization_nodelet.so
Symlinking /home/moos-dawg/moos-dawg-2024/catkin_ws/devel/lib/libros_robot_localization_listener.so
Symlinking /home/moos-dawg/moos-dawg-2024/catkin_ws/devel/lib/libfilter_base.so
Symlinking /home/moos-dawg/moos-dawg-2024/catkin_ws/devel/lib/pkgconfig/robot_localization.pc
Symlinking /home/moos-dawg/moos-dawg-2024/catkin_ws/devel/lib/robot_localization/navsat_transform_node
Symlinking /home/moos-dawg/moos-dawg-2024/catkin_ws/devel/lib/robot_localization/ekf_localization_node
Symlinking /home/moos-dawg/moos-dawg-2024/catkin_ws/devel/lib/robot_localization/ukf_localization_node
Symlinking /home/moos-dawg/moos-dawg-2024/catkin_ws/devel/lib/robot_localization/test_ros_robot_localization_listener_publisher
Symlinking /home/moos-dawg/moos-dawg-2024/catkin_ws/devel/lib/robot_localization/robot_localization_listener_node
Symlinking /home/moos-dawg/moos-dawg-2024/catkin_ws/devel/lib/python3/dist-packages/robot_localization/__init__.py
Symlinking /home/moos-dawg/moos-dawg-2024/catkin_ws/devel/lib/python3/dist-packages/robot_localization/srv/_SetDatum.py
Symlinking /home/moos-dawg/moos-dawg-2024/catkin_ws/devel/lib/python3/dist-packages/robot_localization/srv/__init__.py
Symlinking /home/moos-dawg/moos-dawg-2024/catkin_ws/devel/lib/python3/dist-packages/robot_localization/srv/_FromLL.py
Symlinking /home/moos-dawg/moos-dawg-2024/catkin_ws/devel/lib/python3/dist-packages/robot_localization/srv/_GetState.py
Symlinking /home/moos-dawg/moos-dawg-2024/catkin_ws/devel/lib/python3/dist-packages/robot_localization/srv/_SetUTMZone.py
Symlinking /home/moos-dawg/moos-dawg-2024/catkin_ws/devel/lib/python3/dist-packages/robot_localization/srv/_ToLL.py
Symlinking /home/moos-dawg/moos-dawg-2024/catkin_ws/devel/lib/python3/dist-packages/robot_localization/srv/_ToggleFilterProcessing.py
Symlinking /home/moos-dawg/moos-dawg-2024/catkin_ws/devel/lib/python3/dist-packages/robot_localization/srv/_SetPose.py
Symlinking /home/moos-dawg/moos-dawg-2024/catkin_ws/devel/share/roseus/ros/robot_localization/manifest.l
Symlinking /home/moos-dawg/moos-dawg-2024/catkin_ws/devel/share/roseus/ros/robot_localization/srv/ToLL.l
Symlinking /home/moos-dawg/moos-dawg-2024/catkin_ws/devel/share/roseus/ros/robot_localization/srv/SetDatum.l
Symlinking /home/moos-dawg/moos-dawg-2024/catkin_ws/devel/share/roseus/ros/robot_localization/srv/GetState.l
Symlinking /home/moos-dawg/moos-dawg-2024/catkin_ws/devel/share/roseus/ros/robot_localization/srv/FromLL.l
Symlinking /home/moos-dawg/moos-dawg-2024/catkin_ws/devel/share/roseus/ros/robot_localization/srv/ToggleFilterProcessing.l
Symlinking /home/moos-dawg/moos-dawg-2024/catkin_ws/devel/share/roseus/ros/robot_localization/srv/SetPose.l
Symlinking /home/moos-dawg/moos-dawg-2024/catkin_ws/devel/share/roseus/ros/robot_localization/srv/SetUTMZone.l
Symlinking /home/moos-dawg/moos-dawg-2024/catkin_ws/devel/share/robot_localization/cmake/robot_localization-msg-paths.cmake
Symlinking /home/moos-dawg/moos-dawg-2024/catkin_ws/devel/share/robot_localization/cmake/robot_localizationConfig.cmake
Symlinking /home/moos-dawg/moos-dawg-2024/catkin_ws/devel/share/robot_localization/cmake/robot_localizationConfig-version.cmake
Symlinking /home/moos-dawg/moos-dawg-2024/catkin_ws/devel/share/robot_localization/cmake/robot_localization-msg-extras.cmake
Symlinking /home/moos-dawg/moos-dawg-2024/catkin_ws/devel/share/common-lisp/ros/robot_localization/srv/ToLL.lisp
Symlinking /home/moos-dawg/moos-dawg-2024/catkin_ws/devel/share/common-lisp/ros/robot_localization/srv/robot_localization-srv.asd
Symlinking /home/moos-dawg/moos-dawg-2024/catkin_ws/devel/share/common-lisp/ros/robot_localization/srv/_package.lisp
Symlinking /home/moos-dawg/moos-dawg-2024/catkin_ws/devel/share/common-lisp/ros/robot_localization/srv/_package_SetUTMZone.lisp
Symlinking /home/moos-dawg/moos-dawg-2024/catkin_ws/devel/share/common-lisp/ros/robot_localization/srv/FromLL.lisp
Symlinking /home/moos-dawg/moos-dawg-2024/catkin_ws/devel/share/common-lisp/ros/robot_localization/srv/_package_ToggleFilterProcessing.lisp
Symlinking /home/moos-dawg/moos-dawg-2024/catkin_ws/devel/share/common-lisp/ros/robot_localization/srv/_package_ToLL.lisp
Symlinking /home/moos-dawg/moos-dawg-2024/catkin_ws/devel/share/common-lisp/ros/robot_localization/srv/GetState.lisp
Symlinking /home/moos-dawg/moos-dawg-2024/catkin_ws/devel/share/common-lisp/ros/robot_localization/srv/SetUTMZone.lisp
Symlinking /home/moos-dawg/moos-dawg-2024/catkin_ws/devel/share/common-lisp/ros/robot_localization/srv/_package_GetState.lisp
Symlinking /home/moos-dawg/moos-dawg-2024/catkin_ws/devel/share/common-lisp/ros/robot_localization/srv/_package_SetDatum.lisp
Symlinking /home/moos-dawg/moos-dawg-2024/catkin_ws/devel/share/common-lisp/ros/robot_localization/srv/SetPose.lisp
Symlinking /home/moos-dawg/moos-dawg-2024/catkin_ws/devel/share/common-lisp/ros/robot_localization/srv/_package_FromLL.lisp
Symlinking /home/moos-dawg/moos-dawg-2024/catkin_ws/devel/share/common-lisp/ros/robot_localization/srv/SetDatum.lisp
Symlinking /home/moos-dawg/moos-dawg-2024/catkin_ws/devel/share/common-lisp/ros/robot_localization/srv/_package_SetPose.lisp
Symlinking /home/moos-dawg/moos-dawg-2024/catkin_ws/devel/share/common-lisp/ros/robot_localization/srv/ToggleFilterProcessing.lisp
Symlinking /home/moos-dawg/moos-dawg-2024/catkin_ws/devel/share/gennodejs/ros/robot_localization/_index.js
Symlinking /home/moos-dawg/moos-dawg-2024/catkin_ws/devel/share/gennodejs/ros/robot_localization/srv/ToggleFilterProcessing.js
Symlinking /home/moos-dawg/moos-dawg-2024/catkin_ws/devel/share/gennodejs/ros/robot_localization/srv/SetDatum.js
Symlinking /home/moos-dawg/moos-dawg-2024/catkin_ws/devel/share/gennodejs/ros/robot_localization/srv/SetPose.js
Symlinking /home/moos-dawg/moos-dawg-2024/catkin_ws/devel/share/gennodejs/ros/robot_localization/srv/GetState.js
Symlinking /home/moos-dawg/moos-dawg-2024/catkin_ws/devel/share/gennodejs/ros/robot_localization/srv/SetUTMZone.js
Symlinking /home/moos-dawg/moos-dawg-2024/catkin_ws/devel/share/gennodejs/ros/robot_localization/srv/ToLL.js
Symlinking /home/moos-dawg/moos-dawg-2024/catkin_ws/devel/share/gennodejs/ros/robot_localization/srv/FromLL.js
Symlinking /home/moos-dawg/moos-dawg-2024/catkin_ws/devel/share/gennodejs/ros/robot_localization/srv/_index.js
Symlinking /home/moos-dawg/moos-dawg-2024/catkin_ws/devel/include/robot_localization/ToggleFilterProcessingRequest.h
Symlinking /home/moos-dawg/moos-dawg-2024/catkin_ws/devel/include/robot_localization/SetDatum.h
Symlinking /home/moos-dawg/moos-dawg-2024/catkin_ws/devel/include/robot_localization/SetPoseResponse.h
Symlinking /home/moos-dawg/moos-dawg-2024/catkin_ws/devel/include/robot_localization/ToggleFilterProcessing.h
Symlinking /home/moos-dawg/moos-dawg-2024/catkin_ws/devel/include/robot_localization/ToLL.h
Symlinking /home/moos-dawg/moos-dawg-2024/catkin_ws/devel/include/robot_localization/SetPose.h
Symlinking /home/moos-dawg/moos-dawg-2024/catkin_ws/devel/include/robot_localization/FromLL.h
Symlinking /home/moos-dawg/moos-dawg-2024/catkin_ws/devel/include/robot_localization/GetState.h
Symlinking /home/moos-dawg/moos-dawg-2024/catkin_ws/devel/include/robot_localization/SetDatumResponse.h
Symlinking /home/moos-dawg/moos-dawg-2024/catkin_ws/devel/include/robot_localization/ToLLRequest.h
Symlinking /home/moos-dawg/moos-dawg-2024/catkin_ws/devel/include/robot_localization/SetDatumRequest.h
Symlinking /home/moos-dawg/moos-dawg-2024/catkin_ws/devel/include/robot_localization/SetUTMZoneResponse.h
Symlinking /home/moos-dawg/moos-dawg-2024/catkin_ws/devel/include/robot_localization/ToLLResponse.h
Symlinking /home/moos-dawg/moos-dawg-2024/catkin_ws/devel/include/robot_localization/SetPoseRequest.h
Symlinking /home/moos-dawg/moos-dawg-2024/catkin_ws/devel/include/robot_localization/ToggleFilterProcessingResponse.h
Symlinking /home/moos-dawg/moos-dawg-2024/catkin_ws/devel/include/robot_localization/GetStateResponse.h
Symlinking /home/moos-dawg/moos-dawg-2024/catkin_ws/devel/include/robot_localization/FromLLResponse.h
Symlinking /home/moos-dawg/moos-dawg-2024/catkin_ws/devel/include/robot_localization/GetStateRequest.h
Symlinking /home/moos-dawg/moos-dawg-2024/catkin_ws/devel/include/robot_localization/SetUTMZoneRequest.h
Symlinking /home/moos-dawg/moos-dawg-2024/catkin_ws/devel/include/robot_localization/SetUTMZone.h
Symlinking /home/moos-dawg/moos-dawg-2024/catkin_ws/devel/include/robot_localization/FromLLRequest.h
